#
# A fatal error has been detected by the Java Runtime Environment:
#
#  SIGSEGV (0xb) at pc=0x000000010bf6f724, pid=6791, tid=0x0000000000003403
#
# JRE version: Java(TM) SE Runtime Environment (8.0_162-b12) (build 1.8.0_162-b12)
# Java VM: Java HotSpot(TM) 64-Bit Server VM (25.162-b12 mixed mode bsd-amd64 compressed oops)
# Problematic frame:
# V  [libjvm.dylib+0x538724]
#
# Failed to write core dump. Core dumps have been disabled. To enable core dumping, try "ulimit -c unlimited" before starting Java again
#
# If you would like to submit a bug report, please visit:
#   http://bugreport.java.com/bugreport/crash.jsp
#

---------------  T H R E A D  ---------------

Current thread (0x00007f8565020800):  VMThread [stack: 0x0000700000ceb000,0x0000700000deb000] [id=13315]

siginfo: si_signo: 11 (SIGSEGV), si_code: 1 (SEGV_MAPERR), si_addr: 0x000000000a3fb3bd

Registers:
RAX=0x0000000000000001, RBX=0x0000700000dea590, RCX=0x0000000000000012, RDX=0x00000000000108a0
RSP=0x0000700000dea530, RBP=0x0000700000dea560, RSI=0x00007f857104f340, RDI=0x000000000a3fb3bd
R8 =0x0000000000000002, R9 =0x00007f856e984990, R10=0x0000000000000001, R11=0x0000000000000003
R12=0x00007f8564b99d78, R13=0x00007f8565219720, R14=0x0000700000dea578, R15=0x000000000000d798
RIP=0x000000010bf6f724, EFLAGS=0x0000000000010246, ERR=0x0000000000000004
  TRAPNO=0x000000000000000e

Top of Stack: (sp=0x0000700000dea530)
0x0000700000dea530:   0000000000003338 0000700000dea728
0x0000700000dea540:   0000000000000000 00007f856dfe0020
0x0000700000dea550:   0000700000dea72c 0000700000dea578
0x0000700000dea560:   0000700000dea5b0 000000010bf6f92a
0x0000700000dea570:   0000700000dea5b0 000000340001678c
0x0000700000dea580:   00007f857104f340 00007f856c208270
0x0000700000dea590:   00000000000ad311 0000700000dea690
0x0000700000dea5a0:   000000010c32e680 0000700000dea6e0
0x0000700000dea5b0:   0000700000dea760 000000010befe302
0x0000700000dea5c0:   000000010c32e900 0000000000000037
0x0000700000dea5d0:   0000000000006697 0000000000002215
0x0000700000dea5e0:   0000000000000524 000000000000003a
0x0000700000dea5f0:   000000010c01e8b1 0000000000000080
0x0000700000dea600:   0000700000dea640 00007fffb243e9d3
0x0000700000dea610:   0000700000dea728 0000000000006697
0x0000700000dea620:   0000000000002215 0000000000000524
0x0000700000dea630:   000000000000003a 000000010c04f8dd
0x0000700000dea640:   0000700000de0100 000000010c32e900
0x0000700000dea650:   00000d29efe4b0c2 000002e542cfbcaa
0x0000700000dea660:   0000700000dea601 000000010c04f8d4
0x0000700000dea670:   0000700000de0100 000000010c32e900
0x0000700000dea680:   00000d29d4a07bf4 000002e4e651df9b
0x0000700000dea690:   000000010c01e8dc 0000000000000100
0x0000700000dea6a0:   000000010c32e900 00000d29f0caadf0
0x0000700000dea6b0:   000002e545dbe48a 000000010c313070
0x0000700000dea6c0:   00007f8564610aa0 000000010c313090
0x0000700000dea6d0:   0000700000dea700 00007f8564610aa0
0x0000700000dea6e0:   000000010c314e30 0000000000000008
0x0000700000dea6f0:   00007f8564610080 0000000000000008
0x0000700000dea700:   000000010c04f8c6 0000000000000100
0x0000700000dea710:   000000010c32e900 00000d29d48efd70
0x0000700000dea720:   000002e4e61687b6 0000000000000000 

Instructions: (pc=0x000000010bf6f724)
0x000000010bf6f704:   f6 45 08 01 74 0c 48 8d 05 cb 55 3b 00 83 38 00
0x000000010bf6f714:   74 63 48 8d 05 03 fb 2e 00 48 63 00 49 8b 7d 10
0x000000010bf6f724:   0f b7 0f 48 83 c1 0f 48 c1 e9 03 8d 4c 08 ff f7
0x000000010bf6f734:   d8 21 c8 48 63 c0 48 01 03 41 ff 06 66 83 7f 02 

Register to memory mapping:

RAX=0x0000000000000001 is an unknown value
RBX=0x0000700000dea590 is an unknown value
RCX=0x0000000000000012 is an unknown value
RDX=0x00000000000108a0 is an unknown value
RSP=0x0000700000dea530 is an unknown value
RBP=0x0000700000dea560 is an unknown value
RSI=0x00007f857104f340 is an unknown value
RDI=0x000000000a3fb3bd is an unknown value
R8 =0x0000000000000002 is an unknown value
R9 =0x00007f856e984990 is an unknown value
R10=0x0000000000000001 is an unknown value
R11=0x0000000000000003 is an unknown value
R12=0x00007f8564b99d78 is an unknown value
R13=0x00007f8565219720 is an unknown value
R14=0x0000700000dea578 is an unknown value
R15=0x000000000000d798 is an unknown value


Stack: [0x0000700000ceb000,0x0000700000deb000],  sp=0x0000700000dea530,  free space=1021k
Native frames: (J=compiled Java code, j=interpreted, Vv=VM code, C=native code)
V  [libjvm.dylib+0x538724]
V  [libjvm.dylib+0x53892a]
V  [libjvm.dylib+0x4c7302]
V  [libjvm.dylib+0x4c879b]
V  [libjvm.dylib+0x4c8daf]
V  [libjvm.dylib+0x19f686]
V  [libjvm.dylib+0x5b57c4]
V  [libjvm.dylib+0x5bc725]
V  [libjvm.dylib+0x5bacbd]
V  [libjvm.dylib+0x5bb10a]
V  [libjvm.dylib+0x5baa29]
V  [libjvm.dylib+0x48d672]
C  [libsystem_pthread.dylib+0x393b]  _pthread_body+0xb4
C  [libsystem_pthread.dylib+0x3887]  _pthread_body+0x0
C  [libsystem_pthread.dylib+0x308d]  thread_start+0xd

VM_Operation (0x00007000033d2288): CollectForMetadataAllocation, mode: safepoint, requested by thread 0x00007f856ba6b800


---------------  P R O C E S S  ---------------

Java Threads: ( => current thread )
  0x00007f8568a94800 JavaThread "Cache worker for Java compile cache (/Users/alexey/Develop/Newsreader/.gradle/4.6/javaCompile)" [_thread_blocked, id=58427, stack(0x00007000039f2000,0x0000700003af2000)]
  0x00007f8566592800 JavaThread "Task worker for ':' Thread 7" [_thread_blocked, id=58935, stack(0x00007000038ef000,0x00007000039ef000)]
  0x00007f8570fb6800 JavaThread "Task worker for ':' Thread 6" [_thread_blocked, id=62747, stack(0x00007000037ec000,0x00007000038ec000)]
  0x00007f8566656000 JavaThread "Task worker for ':' Thread 5" [_thread_blocked, id=45455, stack(0x00007000036e9000,0x00007000037e9000)]
  0x00007f85666c2800 JavaThread "Task worker for ':' Thread 4" [_thread_blocked, id=30287, stack(0x00007000035e6000,0x00007000036e6000)]
  0x00007f85666a9800 JavaThread "Task worker for ':' Thread 3" [_thread_blocked, id=25959, stack(0x00007000034e3000,0x00007000035e3000)]
  0x00007f856663e800 JavaThread "Task worker for ':' Thread 2" [_thread_blocked, id=56119, stack(0x00007000033e0000,0x00007000034e0000)]
  0x00007f856ba6b800 JavaThread "Task worker for ':'" [_thread_blocked, id=53311, stack(0x00007000032dd000,0x00007000033dd000)]
  0x00007f856dada000 JavaThread "Cache worker for Build Output Cleanup Cache (/Users/alexey/Develop/Newsreader/.gradle/buildOutputCleanup)" [_thread_blocked, id=36167, stack(0x00007000031da000,0x00007000032da000)]
  0x00007f856dd22000 JavaThread "Cache worker for task history cache (/Users/alexey/Develop/Newsreader/.gradle/4.6/taskHistory)" [_thread_blocked, id=48479, stack(0x00007000030d7000,0x00007000031d7000)]
  0x00007f8570bdf800 JavaThread "Cache worker for file content cache (/Users/alexey/Develop/Newsreader/.gradle/4.6/fileContent)" [_thread_blocked, id=28239, stack(0x0000700002fd4000,0x00007000030d4000)]
  0x00007f8571043000 JavaThread "Build operations Thread 8" [_thread_blocked, id=34903, stack(0x0000700002ed1000,0x0000700002fd1000)]
  0x00007f85713b8800 JavaThread "Build operations Thread 7" [_thread_blocked, id=42303, stack(0x0000700002ac5000,0x0000700002bc5000)]
  0x00007f857133e800 JavaThread "Build operations Thread 6" [_thread_blocked, id=54351, stack(0x00007000029c2000,0x0000700002ac2000)]
  0x00007f85717f6000 JavaThread "Build operations Thread 5" [_thread_blocked, id=44363, stack(0x00007000028bf000,0x00007000029bf000)]
  0x00007f8570ff7800 JavaThread "Build operations Thread 4" [_thread_blocked, id=44119, stack(0x00007000027bc000,0x00007000028bc000)]
  0x00007f8570ff6800 JavaThread "Build operations Thread 3" [_thread_blocked, id=52547, stack(0x00007000026b9000,0x00007000027b9000)]
  0x00007f8570b18000 JavaThread "Build operations Thread 2" [_thread_blocked, id=4927, stack(0x00007000025b6000,0x00007000026b6000)]
  0x00007f8570a9a800 JavaThread "Build operations" [_thread_blocked, id=41047, stack(0x00007000024b3000,0x00007000025b3000)]
  0x00007f8568aef000 JavaThread "Cache worker for Artifact transforms cache (/Users/alexey/.gradle/caches/transforms-1)" [_thread_blocked, id=36675, stack(0x00007000023b0000,0x00007000024b0000)]
  0x00007f856cba2000 JavaThread "Cache worker for file hash cache (/Users/alexey/Develop/Newsreader/.gradle/4.6/fileHashes)" [_thread_blocked, id=38983, stack(0x00007000022ad000,0x00007000023ad000)]
  0x00007f8568b1e800 JavaThread "Stdin handler" [_thread_blocked, id=47683, stack(0x0000700001fa4000,0x00007000020a4000)]
  0x00007f8568c6b000 JavaThread "Asynchronous log dispatcher for DefaultDaemonConnection: socket connection from /127.0.0.1:50102 to /127.0.0.1:51722" [_thread_blocked, id=54843, stack(0x0000700001ea1000,0x0000700001fa1000)]
  0x00007f8568d41000 JavaThread "Cancel handler" [_thread_blocked, id=30799, stack(0x0000700001c9b000,0x0000700001d9b000)]
  0x00007f856fd77000 JavaThread "Handler for socket connection from /127.0.0.1:50102 to /127.0.0.1:51722" [_thread_in_native, id=31599, stack(0x0000700001b98000,0x0000700001c98000)]
  0x00007f856b99f000 JavaThread "process reaper" daemon [_thread_blocked, id=37431, stack(0x00007000002ca000,0x00007000002f2000)]
  0x00007f856cf0c800 JavaThread "Daemon worker Thread 17" [_thread_blocked, id=56387, stack(0x0000700001d9e000,0x0000700001e9e000)]
  0x00007f856ff24000 JavaThread "Daemon Thread 17" [_thread_blocked, id=25239, stack(0x0000700001a95000,0x0000700001b95000)]
  0x00007f8564fe4000 JavaThread "pool-8-thread-1" [_thread_blocked, id=39183, stack(0x0000700002bc8000,0x0000700002cc8000)]
  0x00007f856a49b000 JavaThread "Memory manager" [_thread_blocked, id=33539, stack(0x0000700002dce000,0x0000700002ece000)]
  0x00007f856990a000 JavaThread "pool-1-thread-1" [_thread_blocked, id=33027, stack(0x0000700002ccb000,0x0000700002dcb000)]
  0x00007f85659fb000 JavaThread "File lock request listener" [_thread_in_native, id=27395, stack(0x00007000021aa000,0x00007000022aa000)]
  0x00007f85659fe000 JavaThread "Cache worker for file hash cache (/Users/alexey/.gradle/caches/4.6/fileHashes)" [_thread_blocked, id=26883, stack(0x00007000020a7000,0x00007000021a7000)]
  0x00007f8568801000 JavaThread "Daemon periodic checks" [_thread_blocked, id=23299, stack(0x0000700001992000,0x0000700001a92000)]
  0x00007f8565415000 JavaThread "Incoming local TCP Connector on port 50102" [_thread_in_native, id=22787, stack(0x000070000188f000,0x000070000198f000)]
  0x00007f85659f1800 JavaThread "Daemon health stats" [_thread_blocked, id=22275, stack(0x000070000178c000,0x000070000188c000)]
  0x00007f8564823800 JavaThread "Service Thread" daemon [_thread_blocked, id=21251, stack(0x0000700001586000,0x0000700001686000)]
  0x00007f8564812800 JavaThread "C1 CompilerThread3" daemon [_thread_blocked, id=20739, stack(0x0000700001483000,0x0000700001583000)]
  0x00007f8565803000 JavaThread "C2 CompilerThread2" daemon [_thread_blocked, id=20227, stack(0x0000700001380000,0x0000700001480000)]
  0x00007f856480c000 JavaThread "C2 CompilerThread1" daemon [_thread_blocked, id=19715, stack(0x000070000127d000,0x000070000137d000)]
  0x00007f856504b800 JavaThread "C2 CompilerThread0" daemon [_thread_blocked, id=19203, stack(0x000070000117a000,0x000070000127a000)]
  0x00007f8565056000 JavaThread "Signal Dispatcher" daemon [_thread_blocked, id=18691, stack(0x0000700001077000,0x0000700001177000)]
  0x00007f8565808000 JavaThread "Finalizer" daemon [_thread_blocked, id=14339, stack(0x0000700000ef1000,0x0000700000ff1000)]
  0x00007f8565025800 JavaThread "Reference Handler" daemon [_thread_blocked, id=13827, stack(0x0000700000dee000,0x0000700000eee000)]
  0x00007f8565002800 JavaThread "main" [_thread_blocked, id=6915, stack(0x00007000003d0000,0x00007000004d0000)]

Other Threads:
=>0x00007f8565020800 VMThread [stack: 0x0000700000ceb000,0x0000700000deb000] [id=13315]
  0x00007f8564826000 WatcherThread [stack: 0x0000700001689000,0x0000700001789000] [id=21763]

VM state:at safepoint (normal execution)

VM Mutex/Monitor currently owned by a thread:  ([mutex/lock_event])
[0x00007f8564701b50] Threads_lock - owner thread: 0x00007f8565020800
[0x00007f8564702050] Heap_lock - owner thread: 0x00007f856ba6b800

Heap:
 PSYoungGen      total 425984K, used 22366K [0x00000007a0000000, 0x00000007be600000, 0x00000007c0000000)
  eden space 403456K, 0% used [0x00000007a0000000,0x00000007a0000000,0x00000007b8a00000)
  from space 22528K, 99% used [0x00000007b9900000,0x00000007baed7a70,0x00000007baf00000)
  to   space 47104K, 0% used [0x00000007bb800000,0x00000007bb800000,0x00000007be600000)
 ParOldGen       total 267264K, used 134601K [0x0000000760000000, 0x0000000770500000, 0x00000007a0000000)
  object space 267264K, 50% used [0x0000000760000000,0x0000000768372448,0x0000000770500000)
 Metaspace       used 151112K, capacity 164153K, committed 164224K, reserved 1191936K
  class space    used 18954K, capacity 21881K, committed 21888K, reserved 1048576K

Card table byte_map: [0x000000010ddff000,0x000000010e100000] byte_map_base: 0x000000010a2ff000

Marking Bits: (ParMarkBitMap*) 0x000000010c32e6c0
 Begin Bits: [0x000000010e300000, 0x000000010fb00000)
 End Bits:   [0x000000010fb00000, 0x0000000111300000)

Polling page: 0x000000010c9f3000

CodeCache: size=245760Kb used=101415Kb max_used=101899Kb free=144344Kb
 bounds [0x00000001180b9000, 0x000000011e519000, 0x00000001270b9000]
 total_blobs=28731 nmethods=27799 adapters=844
 compilation: enabled

Compilation events (10 events):
Event: 14472.944 Thread 0x00007f8564812800 37747       3       org.gradle.api.internal.tasks.properties.annotations.NestedBeanAnnotationHandler$ImplementationDeclaringPropertyContext::isIterable (11 bytes)
Event: 14472.944 Thread 0x00007f8564812800 nmethod 37747 0x00000001199e6f10 code [0x00000001199e7080, 0x00000001199e72a8]
Event: 14473.036 Thread 0x00007f856480c000 37748   !   4       org.gradle.internal.progress.DefaultBuildOperationExecutor::maybeStopUnmanagedThreadOperation (86 bytes)
Event: 14473.037 Thread 0x00007f8564812800 37749   !   3       sun.reflect.GeneratedMethodAccessor184::invoke (61 bytes)
Event: 14473.040 Thread 0x00007f8564812800 nmethod 37749 0x00000001193171d0 code [0x00000001193173c0, 0x0000000119317ab8]
Event: 14473.051 Thread 0x00007f8564812800 37750       3       com.google.common.collect.ByFunctionOrdering::<init> (27 bytes)
Event: 14473.052 Thread 0x00007f8564812800 nmethod 37750 0x00000001190efb10 code [0x00000001190efcc0, 0x00000001190f01b8]
Event: 14473.060 Thread 0x00007f856480c000 nmethod 37748 0x000000011cf8e150 code [0x000000011cf8e3c0, 0x000000011cf8f110]
Event: 14473.112 Thread 0x00007f8565803000 37751       4       com.google.common.collect.UnmodifiableIterator::<init> (5 bytes)
Event: 14473.112 Thread 0x00007f8565803000 nmethod 37751 0x00000001199d2050 code [0x00000001199d21a0, 0x00000001199d21f8]

GC Heap History (10 events):
Event: 6580.687 GC heap after
Heap after GC invocations=51 (full 4):
 PSYoungGen      total 459776K, used 14490K [0x00000007a0000000, 0x00000007c0000000, 0x00000007c0000000)
  eden space 400896K, 0% used [0x00000007a0000000,0x00000007a0000000,0x00000007b8780000)
  from space 58880K, 24% used [0x00000007b8780000,0x00000007b95a6978,0x00000007bc100000)
  to   space 56832K, 0% used [0x00000007bc880000,0x00000007bc880000,0x00000007c0000000)
 ParOldGen       total 267264K, used 131592K [0x0000000760000000, 0x0000000770500000, 0x00000007a0000000)
  object space 267264K, 49% used [0x0000000760000000,0x0000000768082148,0x0000000770500000)
 Metaspace       used 137756K, capacity 150441K, committed 150656K, reserved 1179648K
  class space    used 17465K, capacity 20321K, committed 20352K, reserved 1048576K
}
Event: 8814.111 GC heap before
{Heap before GC invocations=52 (full 4):
 PSYoungGen      total 459776K, used 414940K [0x00000007a0000000, 0x00000007c0000000, 0x00000007c0000000)
  eden space 400896K, 99% used [0x00000007a0000000,0x00000007b87107d0,0x00000007b8780000)
  from space 58880K, 24% used [0x00000007b8780000,0x00000007b95a6978,0x00000007bc100000)
  to   space 56832K, 0% used [0x00000007bc880000,0x00000007bc880000,0x00000007c0000000)
 ParOldGen       total 267264K, used 131592K [0x0000000760000000, 0x0000000770500000, 0x00000007a0000000)
  object space 267264K, 49% used [0x0000000760000000,0x0000000768082148,0x0000000770500000)
 Metaspace       used 137891K, capacity 150569K, committed 150656K, reserved 1179648K
  class space    used 17477K, capacity 20341K, committed 20352K, reserved 1048576K
Event: 8814.253 GC heap after
Heap after GC invocations=52 (full 4):
 PSYoungGen      total 457216K, used 22786K [0x00000007a0000000, 0x00000007bf800000, 0x00000007c0000000)
  eden space 408576K, 0% used [0x00000007a0000000,0x00000007a0000000,0x00000007b8f00000)
  from space 48640K, 46% used [0x00000007bc880000,0x00000007bdec0a48,0x00000007bf800000)
  to   space 53760K, 0% used [0x00000007b8f00000,0x00000007b8f00000,0x00000007bc380000)
 ParOldGen       total 267264K, used 131648K [0x0000000760000000, 0x0000000770500000, 0x00000007a0000000)
  object space 267264K, 49% used [0x0000000760000000,0x0000000768090148,0x0000000770500000)
 Metaspace       used 137891K, capacity 150569K, committed 150656K, reserved 1179648K
  class space    used 17477K, capacity 20341K, committed 20352K, reserved 1048576K
}
Event: 8817.187 GC heap before
{Heap before GC invocations=53 (full 4):
 PSYoungGen      total 457216K, used 430565K [0x00000007a0000000, 0x00000007bf800000, 0x00000007c0000000)
  eden space 408576K, 99% used [0x00000007a0000000,0x00000007b8e38b80,0x00000007b8f00000)
  from space 48640K, 46% used [0x00000007bc880000,0x00000007bdec0a48,0x00000007bf800000)
  to   space 53760K, 0% used [0x00000007b8f00000,0x00000007b8f00000,0x00000007bc380000)
 ParOldGen       total 267264K, used 131648K [0x0000000760000000, 0x0000000770500000, 0x00000007a0000000)
  object space 267264K, 49% used [0x0000000760000000,0x0000000768090148,0x0000000770500000)
 Metaspace       used 139198K, capacity 151893K, committed 152064K, reserved 1181696K
  class space    used 17585K, capacity 20445K, committed 20480K, reserved 1048576K
Event: 8817.237 GC heap after
Heap after GC invocations=53 (full 4):
 PSYoungGen      total 462336K, used 25956K [0x00000007a0000000, 0x00000007c0000000, 0x00000007c0000000)
  eden space 408576K, 0% used [0x00000007a0000000,0x00000007a0000000,0x00000007b8f00000)
  from space 53760K, 48% used [0x00000007b8f00000,0x00000007ba859280,0x00000007bc380000)
  to   space 51712K, 0% used [0x00000007bcd80000,0x00000007bcd80000,0x00000007c0000000)
 ParOldGen       total 267264K, used 132176K [0x0000000760000000, 0x0000000770500000, 0x00000007a0000000)
  object space 267264K, 49% used [0x0000000760000000,0x00000007681141a8,0x0000000770500000)
 Metaspace       used 139198K, capacity 151893K, committed 152064K, reserved 1181696K
  class space    used 17585K, capacity 20445K, committed 20480K, reserved 1048576K
}
Event: 12790.357 GC heap before
{Heap before GC invocations=54 (full 4):
 PSYoungGen      total 462336K, used 433222K [0x00000007a0000000, 0x00000007c0000000, 0x00000007c0000000)
  eden space 408576K, 99% used [0x00000007a0000000,0x00000007b8db85c0,0x00000007b8f00000)
  from space 53760K, 48% used [0x00000007b8f00000,0x00000007ba859280,0x00000007bc380000)
  to   space 51712K, 0% used [0x00000007bcd80000,0x00000007bcd80000,0x00000007c0000000)
 ParOldGen       total 267264K, used 132176K [0x0000000760000000, 0x0000000770500000, 0x00000007a0000000)
  object space 267264K, 49% used [0x0000000760000000,0x00000007681141a8,0x0000000770500000)
 Metaspace       used 139586K, capacity 152343K, committed 152448K, reserved 1181696K
  class space    used 17635K, capacity 20510K, committed 20608K, reserved 1048576K
Event: 12790.505 GC heap after
Heap after GC invocations=54 (full 4):
 PSYoungGen      total 464384K, used 25325K [0x00000007a0000000, 0x00000007bfa00000, 0x00000007c0000000)
  eden space 418816K, 0% used [0x00000007a0000000,0x00000007a0000000,0x00000007b9900000)
  from space 45568K, 55% used [0x00000007bcd80000,0x00000007be63b5c0,0x00000007bfa00000)
  to   space 49664K, 0% used [0x00000007b9900000,0x00000007b9900000,0x00000007bc980000)
 ParOldGen       total 267264K, used 134393K [0x0000000760000000, 0x0000000770500000, 0x00000007a0000000)
  object space 267264K, 50% used [0x0000000760000000,0x000000076833e448,0x0000000770500000)
 Metaspace       used 139586K, capacity 152343K, committed 152448K, reserved 1181696K
  class space    used 17635K, capacity 20510K, committed 20608K, reserved 1048576K
}
Event: 14473.176 GC heap before
{Heap before GC invocations=55 (full 4):
 PSYoungGen      total 464384K, used 328168K [0x00000007a0000000, 0x00000007bfa00000, 0x00000007c0000000)
  eden space 418816K, 72% used [0x00000007a0000000,0x00000007b27beb20,0x00000007b9900000)
  from space 45568K, 55% used [0x00000007bcd80000,0x00000007be63b5c0,0x00000007bfa00000)
  to   space 49664K, 0% used [0x00000007b9900000,0x00000007b9900000,0x00000007bc980000)
 ParOldGen       total 267264K, used 134393K [0x0000000760000000, 0x0000000770500000, 0x00000007a0000000)
  object space 267264K, 50% used [0x0000000760000000,0x000000076833e448,0x0000000770500000)
 Metaspace       used 151112K, capacity 164153K, committed 164224K, reserved 1191936K
  class space    used 18954K, capacity 21881K, committed 21888K, reserved 1048576K
Event: 14473.310 GC heap after
Heap after GC invocations=55 (full 4):
 PSYoungGen      total 425984K, used 22366K [0x00000007a0000000, 0x00000007be600000, 0x00000007c0000000)
  eden space 403456K, 0% used [0x00000007a0000000,0x00000007a0000000,0x00000007b8a00000)
  from space 22528K, 99% used [0x00000007b9900000,0x00000007baed7a70,0x00000007baf00000)
  to   space 47104K, 0% used [0x00000007bb800000,0x00000007bb800000,0x00000007be600000)
 ParOldGen       total 267264K, used 134601K [0x0000000760000000, 0x0000000770500000, 0x00000007a0000000)
  object space 267264K, 50% used [0x0000000760000000,0x0000000768372448,0x0000000770500000)
 Metaspace       used 151112K, capacity 164153K, committed 164224K, reserved 1191936K
  class space    used 18954K, capacity 21881K, committed 21888K, reserved 1048576K
}
Event: 14473.311 GC heap before
{Heap before GC invocations=56 (full 5):
 PSYoungGen      total 425984K, used 22366K [0x00000007a0000000, 0x00000007be600000, 0x00000007c0000000)
  eden space 403456K, 0% used [0x00000007a0000000,0x00000007a0000000,0x00000007b8a00000)
  from space 22528K, 99% used [0x00000007b9900000,0x00000007baed7a70,0x00000007baf00000)
  to   space 47104K, 0% used [0x00000007bb800000,0x00000007bb800000,0x00000007be600000)
 ParOldGen       total 267264K, used 134601K [0x0000000760000000, 0x0000000770500000, 0x00000007a0000000)
  object space 267264K, 50% used [0x0000000760000000,0x0000000768372448,0x0000000770500000)
 Metaspace       used 151112K, capacity 164153K, committed 164224K, reserved 1191936K
  class space    used 18954K, capacity 21881K, committed 21888K, reserved 1048576K

Deoptimization events (10 events):
Event: 14433.438 Thread 0x00007f85675a9800 Uncommon trap: reason=bimorphic action=maybe_recompile pc=0x000000011e3e4e3c method=java.util.Collections.indexedBinarySearch(Ljava/util/List;Ljava/lang/Object;)I @ 39
Event: 14433.438 Thread 0x00007f85675a9800 Uncommon trap: reason=bimorphic action=maybe_recompile pc=0x000000011e3e4e3c method=java.util.Collections.indexedBinarySearch(Ljava/util/List;Ljava/lang/Object;)I @ 39
Event: 14433.438 Thread 0x00007f85675a9800 Uncommon trap: reason=bimorphic action=maybe_recompile pc=0x000000011e3f0418 method=java.util.Collections.indexedBinarySearch(Ljava/util/List;Ljava/lang/Object;)I @ 39
Event: 14433.438 Thread 0x00007f85675a9800 Uncommon trap: reason=bimorphic action=maybe_recompile pc=0x000000011e3e1b14 method=java.util.Collections.indexedBinarySearch(Ljava/util/List;Ljava/lang/Object;)I @ 39
Event: 14433.438 Thread 0x00007f85675a9800 Uncommon trap: reason=bimorphic action=maybe_recompile pc=0x000000011e401508 method=java.util.Collections.indexedBinarySearch(Ljava/util/List;Ljava/lang/Object;)I @ 39
Event: 14472.680 Thread 0x00007f856cf0c800 Uncommon trap: reason=unstable_if action=reinterpret pc=0x000000011ddc6798 method=sun.nio.ch.FileChannelImpl.tryLock(JJZ)Ljava/nio/channels/FileLock; @ 120
Event: 14472.680 Thread 0x00007f856cf0c800 Uncommon trap: reason=unstable_if action=reinterpret pc=0x000000011c73c37c method=org.gradle.cache.internal.DefaultFileLockManager$DefaultFileLock$4.run()Ljava/nio/channels/FileLock; @ 27
Event: 14472.680 Thread 0x00007f856cf0c800 Uncommon trap: reason=null_check action=make_not_entrant pc=0x000000011cd2a564 method=java.lang.Integer.equals(Ljava/lang/Object;)Z @ 1
Event: 14472.886 Thread 0x00007f856cf0c800 Uncommon trap: reason=class_check action=maybe_recompile pc=0x0000000119192680 method=com.google.common.collect.AbstractMapBasedMultimap.get(Ljava/lang/Object;)Ljava/util/Collection; @ 5
Event: 14472.947 Thread 0x00007f856ba6b800 Uncommon trap: reason=bimorphic action=maybe_recompile pc=0x00000001198269f8 method=com.sun.org.apache.xerces.internal.dom.ElementImpl.getAttributes()Lorg/w3c/dom/NamedNodeMap; @ 8

Classes redefined (0 events):
No events

Internal exceptions (10 events):
Event: 14431.309 Thread 0x00007f856cf0c800 Exception <a 'sun/nio/fs/UnixException'> (0x00000007a5f72a28) thrown at [/Users/java_re/workspace/8-2-build-macosx-x86_64/jdk8u162/10278/hotspot/src/share/vm/prims/jni.cpp, line 709]
Event: 14433.527 Thread 0x00007f85675a9800 Exception <a 'java/lang/reflect/InvocationTargetException'> (0x00000007af2b31a0) thrown at [/Users/java_re/workspace/8-2-build-macosx-x86_64/jdk8u162/10278/hotspot/src/share/vm/runtime/reflection.cpp, line 1092]
Event: 14472.680 Thread 0x00007f856cf0c800 Implicit null exception at 0x000000011cd2a50c to 0x000000011cd2a555
Event: 14472.727 Thread 0x00007f856cf0c800 Exception <a 'java/lang/NoSuchMethodError': <clinit>> (0x00000007af84b9e8) thrown at [/Users/java_re/workspace/8-2-build-macosx-x86_64/jdk8u162/10278/hotspot/src/share/vm/prims/jni.cpp, line 1613]
Event: 14472.740 Thread 0x00007f856cf0c800 Exception <a 'java/lang/NoSuchMethodError': <clinit>> (0x00000007af89bc08) thrown at [/Users/java_re/workspace/8-2-build-macosx-x86_64/jdk8u162/10278/hotspot/src/share/vm/prims/jni.cpp, line 1613]
Event: 14472.800 Thread 0x00007f856cf0c800 Exception <a 'java/lang/NoSuchMethodError': <clinit>> (0x00000007af9929f8) thrown at [/Users/java_re/workspace/8-2-build-macosx-x86_64/jdk8u162/10278/hotspot/src/share/vm/prims/jni.cpp, line 1613]
Event: 14472.800 Thread 0x00007f856cf0c800 Exception <a 'java/lang/NoSuchMethodError': <clinit>> (0x00000007af996798) thrown at [/Users/java_re/workspace/8-2-build-macosx-x86_64/jdk8u162/10278/hotspot/src/share/vm/prims/jni.cpp, line 1613]
Event: 14472.800 Thread 0x00007f856cf0c800 Exception <a 'java/lang/NoSuchMethodError': <clinit>> (0x00000007af9982a0) thrown at [/Users/java_re/workspace/8-2-build-macosx-x86_64/jdk8u162/10278/hotspot/src/share/vm/prims/jni.cpp, line 1613]
Event: 14472.800 Thread 0x00007f856cf0c800 Exception <a 'java/lang/NoSuchMethodError': <clinit>> (0x00000007af999a70) thrown at [/Users/java_re/workspace/8-2-build-macosx-x86_64/jdk8u162/10278/hotspot/src/share/vm/prims/jni.cpp, line 1613]
Event: 14472.866 Thread 0x00007f856cf0c800 Exception <a 'sun/nio/fs/UnixException'> (0x00000007b0171360) thrown at [/Users/java_re/workspace/8-2-build-macosx-x86_64/jdk8u162/10278/hotspot/src/share/vm/prims/jni.cpp, line 709]

Events (10 events):
Event: 14473.173 loading class com/google/common/collect/AbstractMapBasedMultimap done
Event: 14473.174 loading class com/google/common/collect/AbstractMultimap
Event: 14473.174 loading class com/google/common/collect/AbstractMultimap done
Event: 14473.175 loading class com/google/common/collect/Multiset
Event: 14473.175 loading class com/google/common/collect/Multiset done
Event: 14473.175 loading class com/google/common/collect/AbstractMapBasedMultimap$KeySet
Event: 14473.175 loading class com/google/common/collect/AbstractMapBasedMultimap$KeySet done
Event: 14473.176 loading class com/google/common/collect/Maps$KeySet
Event: 14473.176 loading class com/google/common/collect/Maps$KeySet done
Event: 14473.176 Executing VM operation: CollectForMetadataAllocation


Dynamic libraries:
0x000000002782f000 	/System/Library/Frameworks/Cocoa.framework/Versions/A/Cocoa
0x000000002782f000 	/System/Library/Frameworks/Security.framework/Versions/A/Security
0x000000002782f000 	/System/Library/Frameworks/ApplicationServices.framework/Versions/A/ApplicationServices
0x000000002782f000 	/usr/lib/libz.1.dylib
0x000000002782f000 	/usr/lib/libSystem.B.dylib
0x000000002782f000 	/usr/lib/libobjc.A.dylib
0x000000002782f000 	/System/Library/Frameworks/CoreFoundation.framework/Versions/A/CoreFoundation
0x000000002782f000 	/System/Library/Frameworks/Foundation.framework/Versions/C/Foundation
0x000000002782f000 	/System/Library/Frameworks/AppKit.framework/Versions/C/AppKit
0x000000002782f000 	/System/Library/Frameworks/CoreData.framework/Versions/A/CoreData
0x000000002782f000 	/System/Library/PrivateFrameworks/RemoteViewServices.framework/Versions/A/RemoteViewServices
0x000000002782f000 	/System/Library/PrivateFrameworks/UIFoundation.framework/Versions/A/UIFoundation
0x000000002782f000 	/System/Library/PrivateFrameworks/DFRFoundation.framework/Versions/A/DFRFoundation
0x000000002782f000 	/usr/lib/libenergytrace.dylib
0x000000002782f000 	/System/Library/PrivateFrameworks/SkyLight.framework/Versions/A/SkyLight
0x000000002782f000 	/System/Library/Frameworks/CoreGraphics.framework/Versions/A/CoreGraphics
0x000000002782f000 	/usr/lib/libScreenReader.dylib
0x000000002782f000 	/System/Library/Frameworks/Accelerate.framework/Versions/A/Accelerate
0x000000002782f000 	/System/Library/Frameworks/IOSurface.framework/Versions/A/IOSurface
0x000000002782f000 	/System/Library/Frameworks/AudioToolbox.framework/Versions/A/AudioToolbox
0x000000002782f000 	/System/Library/Frameworks/AudioUnit.framework/Versions/A/AudioUnit
0x000000002782f000 	/System/Library/PrivateFrameworks/DataDetectorsCore.framework/Versions/A/DataDetectorsCore
0x000000002782f000 	/System/Library/PrivateFrameworks/DesktopServicesPriv.framework/Versions/A/DesktopServicesPriv
0x000000002782f000 	/System/Library/Frameworks/Carbon.framework/Versions/A/Frameworks/HIToolbox.framework/Versions/A/HIToolbox
0x000000002782f000 	/usr/lib/libicucore.A.dylib
0x000000002782f000 	/System/Library/Frameworks/QuartzCore.framework/Versions/A/QuartzCore
0x000000002782f000 	/System/Library/Frameworks/Carbon.framework/Versions/A/Frameworks/SpeechRecognition.framework/Versions/A/SpeechRecognition
0x000000002782f000 	/usr/lib/libauto.dylib
0x000000002782f000 	/usr/lib/libxml2.2.dylib
0x000000002782f000 	/System/Library/PrivateFrameworks/CoreUI.framework/Versions/A/CoreUI
0x000000002782f000 	/System/Library/Frameworks/CoreAudio.framework/Versions/A/CoreAudio
0x000000002782f000 	/System/Library/Frameworks/DiskArbitration.framework/Versions/A/DiskArbitration
0x000000002782f000 	/usr/lib/liblangid.dylib
0x000000002782f000 	/System/Library/PrivateFrameworks/MultitouchSupport.framework/Versions/A/MultitouchSupport
0x000000002782f000 	/System/Library/Frameworks/IOKit.framework/Versions/A/IOKit
0x000000002782f000 	/usr/lib/libDiagnosticMessagesClient.dylib
0x000000002782f000 	/System/Library/Frameworks/CoreServices.framework/Versions/A/CoreServices
0x000000002782f000 	/System/Library/PrivateFrameworks/PerformanceAnalysis.framework/Versions/A/PerformanceAnalysis
0x000000002782f000 	/System/Library/PrivateFrameworks/GenerationalStorage.framework/Versions/A/GenerationalStorage
0x000000002782f000 	/System/Library/Frameworks/OpenGL.framework/Versions/A/OpenGL
0x000000002782f000 	/System/Library/Frameworks/CoreImage.framework/Versions/A/CoreImage
0x000000002782f000 	/System/Library/Frameworks/CoreText.framework/Versions/A/CoreText
0x000000002782f000 	/System/Library/Frameworks/ImageIO.framework/Versions/A/ImageIO
0x000000002782f000 	/System/Library/PrivateFrameworks/Backup.framework/Versions/A/Backup
0x000000002782f000 	/usr/lib/libarchive.2.dylib
0x000000002782f000 	/System/Library/Frameworks/CFNetwork.framework/Versions/A/CFNetwork
0x000000002782f000 	/System/Library/Frameworks/SystemConfiguration.framework/Versions/A/SystemConfiguration
0x000000002782f000 	/usr/lib/libCRFSuite.dylib
0x000000002782f000 	/usr/lib/libc++.1.dylib
0x000000002782f000 	/usr/lib/libc++abi.dylib
0x000000002782f000 	/usr/lib/system/libcache.dylib
0x000000002782f000 	/usr/lib/system/libcommonCrypto.dylib
0x000000002782f000 	/usr/lib/system/libcompiler_rt.dylib
0x000000002782f000 	/usr/lib/system/libcopyfile.dylib
0x000000002782f000 	/usr/lib/system/libcorecrypto.dylib
0x000000002782f000 	/usr/lib/system/libdispatch.dylib
0x000000002782f000 	/usr/lib/system/libdyld.dylib
0x000000002782f000 	/usr/lib/system/libkeymgr.dylib
0x000000002782f000 	/usr/lib/system/liblaunch.dylib
0x000000002782f000 	/usr/lib/system/libmacho.dylib
0x000000002782f000 	/usr/lib/system/libquarantine.dylib
0x000000002782f000 	/usr/lib/system/libremovefile.dylib
0x000000002782f000 	/usr/lib/system/libsystem_asl.dylib
0x000000002782f000 	/usr/lib/system/libsystem_blocks.dylib
0x000000002782f000 	/usr/lib/system/libsystem_c.dylib
0x000000002782f000 	/usr/lib/system/libsystem_configuration.dylib
0x000000002782f000 	/usr/lib/system/libsystem_coreservices.dylib
0x000000002782f000 	/usr/lib/system/libsystem_coretls.dylib
0x000000002782f000 	/usr/lib/system/libsystem_dnssd.dylib
0x000000002782f000 	/usr/lib/system/libsystem_info.dylib
0x000000002782f000 	/usr/lib/system/libsystem_kernel.dylib
0x000000002782f000 	/usr/lib/system/libsystem_m.dylib
0x000000002782f000 	/usr/lib/system/libsystem_malloc.dylib
0x000000002782f000 	/usr/lib/system/libsystem_network.dylib
0x000000002782f000 	/usr/lib/system/libsystem_networkextension.dylib
0x000000002782f000 	/usr/lib/system/libsystem_notify.dylib
0x000000002782f000 	/usr/lib/system/libsystem_platform.dylib
0x000000002782f000 	/usr/lib/system/libsystem_pthread.dylib
0x000000002782f000 	/usr/lib/system/libsystem_sandbox.dylib
0x000000002782f000 	/usr/lib/system/libsystem_secinit.dylib
0x000000002782f000 	/usr/lib/system/libsystem_symptoms.dylib
0x000000002782f000 	/usr/lib/system/libsystem_trace.dylib
0x000000002782f000 	/usr/lib/system/libunwind.dylib
0x000000002782f000 	/usr/lib/system/libxpc.dylib
0x000000002782f000 	/usr/lib/libbsm.0.dylib
0x000000002782f000 	/usr/lib/system/libkxld.dylib
0x000000002782f000 	/usr/lib/libcoretls.dylib
0x000000002782f000 	/usr/lib/libcoretls_cfhelpers.dylib
0x000000002782f000 	/usr/lib/libOpenScriptingUtil.dylib
0x000000002782f000 	/usr/lib/libpam.2.dylib
0x000000002782f000 	/usr/lib/libsqlite3.dylib
0x000000002782f000 	/usr/lib/libxar.1.dylib
0x000000002782f000 	/usr/lib/libbz2.1.0.dylib
0x000000002782f000 	/usr/lib/liblzma.5.dylib
0x000000002782f000 	/usr/lib/libnetwork.dylib
0x000000002782f000 	/usr/lib/libpcap.A.dylib
0x000000002782f000 	/System/Library/Frameworks/CoreServices.framework/Versions/A/Frameworks/FSEvents.framework/Versions/A/FSEvents
0x000000002782f000 	/System/Library/Frameworks/CoreServices.framework/Versions/A/Frameworks/CarbonCore.framework/Versions/A/CarbonCore
0x000000002782f000 	/System/Library/Frameworks/CoreServices.framework/Versions/A/Frameworks/Metadata.framework/Versions/A/Metadata
0x000000002782f000 	/System/Library/Frameworks/CoreServices.framework/Versions/A/Frameworks/OSServices.framework/Versions/A/OSServices
0x000000002782f000 	/System/Library/Frameworks/CoreServices.framework/Versions/A/Frameworks/SearchKit.framework/Versions/A/SearchKit
0x000000002782f000 	/System/Library/Frameworks/CoreServices.framework/Versions/A/Frameworks/AE.framework/Versions/A/AE
0x000000002782f000 	/System/Library/Frameworks/CoreServices.framework/Versions/A/Frameworks/LaunchServices.framework/Versions/A/LaunchServices
0x000000002782f000 	/System/Library/Frameworks/CoreServices.framework/Versions/A/Frameworks/DictionaryServices.framework/Versions/A/DictionaryServices
0x000000002782f000 	/System/Library/Frameworks/CoreServices.framework/Versions/A/Frameworks/SharedFileList.framework/Versions/A/SharedFileList
0x000000002782f000 	/System/Library/Frameworks/NetFS.framework/Versions/A/NetFS
0x000000002782f000 	/System/Library/PrivateFrameworks/NetAuth.framework/Versions/A/NetAuth
0x000000002782f000 	/System/Library/PrivateFrameworks/login.framework/Versions/A/Frameworks/loginsupport.framework/Versions/A/loginsupport
0x000000002782f000 	/System/Library/PrivateFrameworks/TCC.framework/Versions/A/TCC
0x000000002782f000 	/usr/lib/libmecabra.dylib
0x000000002782f000 	/System/Library/Frameworks/ApplicationServices.framework/Versions/A/Frameworks/ATS.framework/Versions/A/ATS
0x000000002782f000 	/System/Library/Frameworks/ApplicationServices.framework/Versions/A/Frameworks/ColorSync.framework/Versions/A/ColorSync
0x000000002782f000 	/System/Library/Frameworks/ApplicationServices.framework/Versions/A/Frameworks/HIServices.framework/Versions/A/HIServices
0x000000002782f000 	/System/Library/Frameworks/ApplicationServices.framework/Versions/A/Frameworks/LangAnalysis.framework/Versions/A/LangAnalysis
0x000000002782f000 	/System/Library/Frameworks/ApplicationServices.framework/Versions/A/Frameworks/PrintCore.framework/Versions/A/PrintCore
0x000000002782f000 	/System/Library/Frameworks/ApplicationServices.framework/Versions/A/Frameworks/QD.framework/Versions/A/QD
0x000000002782f000 	/System/Library/Frameworks/ApplicationServices.framework/Versions/A/Frameworks/SpeechSynthesis.framework/Versions/A/SpeechSynthesis
0x000000002782f000 	/System/Library/Frameworks/Accelerate.framework/Versions/A/Frameworks/vImage.framework/Versions/A/vImage
0x000000002782f000 	/System/Library/Frameworks/Accelerate.framework/Versions/A/Frameworks/vecLib.framework/Versions/A/vecLib
0x000000002782f000 	/System/Library/Frameworks/Accelerate.framework/Versions/A/Frameworks/vecLib.framework/Versions/A/libvDSP.dylib
0x000000002782f000 	/System/Library/Frameworks/Accelerate.framework/Versions/A/Frameworks/vecLib.framework/Versions/A/libBNNS.dylib
0x000000002782f000 	/System/Library/Frameworks/Accelerate.framework/Versions/A/Frameworks/vecLib.framework/Versions/A/libQuadrature.dylib
0x000000002782f000 	/System/Library/Frameworks/Accelerate.framework/Versions/A/Frameworks/vecLib.framework/Versions/A/libvMisc.dylib
0x000000002782f000 	/System/Library/Frameworks/Accelerate.framework/Versions/A/Frameworks/vecLib.framework/Versions/A/libLAPACK.dylib
0x000000002782f000 	/System/Library/Frameworks/Accelerate.framework/Versions/A/Frameworks/vecLib.framework/Versions/A/libBLAS.dylib
0x000000002782f000 	/System/Library/Frameworks/Accelerate.framework/Versions/A/Frameworks/vecLib.framework/Versions/A/libLinearAlgebra.dylib
0x000000002782f000 	/System/Library/Frameworks/Accelerate.framework/Versions/A/Frameworks/vecLib.framework/Versions/A/libSparseBLAS.dylib
0x000000002782f000 	/System/Library/Frameworks/ApplicationServices.framework/Versions/A/Frameworks/ATS.framework/Versions/A/Resources/libFontParser.dylib
0x000000002782f000 	/System/Library/Frameworks/ApplicationServices.framework/Versions/A/Frameworks/ATS.framework/Versions/A/Resources/libFontRegistry.dylib
0x000000002782f000 	/System/Library/Frameworks/ImageIO.framework/Versions/A/Resources/libJPEG.dylib
0x000000002782f000 	/System/Library/Frameworks/ImageIO.framework/Versions/A/Resources/libTIFF.dylib
0x000000002782f000 	/System/Library/Frameworks/ImageIO.framework/Versions/A/Resources/libPng.dylib
0x000000002782f000 	/System/Library/Frameworks/ImageIO.framework/Versions/A/Resources/libGIF.dylib
0x000000002782f000 	/System/Library/Frameworks/ImageIO.framework/Versions/A/Resources/libJP2.dylib
0x000000002782f000 	/System/Library/Frameworks/ImageIO.framework/Versions/A/Resources/libRadiance.dylib
0x000000002782f000 	/usr/lib/libcompression.dylib
0x000000002782f000 	/System/Library/PrivateFrameworks/AppleJPEG.framework/Versions/A/AppleJPEG
0x000000002782f000 	/usr/lib/libcups.2.dylib
0x000000002782f000 	/System/Library/Frameworks/Kerberos.framework/Versions/A/Kerberos
0x000000002782f000 	/System/Library/Frameworks/GSS.framework/Versions/A/GSS
0x000000002782f000 	/usr/lib/libresolv.9.dylib
0x000000002782f000 	/usr/lib/libiconv.2.dylib
0x000000002782f000 	/System/Library/PrivateFrameworks/Heimdal.framework/Versions/A/Heimdal
0x000000002782f000 	/usr/lib/libheimdal-asn1.dylib
0x000000002782f000 	/System/Library/Frameworks/OpenDirectory.framework/Versions/A/OpenDirectory
0x000000002782f000 	/System/Library/PrivateFrameworks/CommonAuth.framework/Versions/A/CommonAuth
0x000000002782f000 	/System/Library/Frameworks/OpenDirectory.framework/Versions/A/Frameworks/CFOpenDirectory.framework/Versions/A/CFOpenDirectory
0x000000002782f000 	/System/Library/Frameworks/SecurityFoundation.framework/Versions/A/SecurityFoundation
0x000000002782f000 	/System/Library/PrivateFrameworks/LanguageModeling.framework/Versions/A/LanguageModeling
0x000000002782f000 	/usr/lib/libmarisa.dylib
0x000000002782f000 	/usr/lib/libChineseTokenizer.dylib
0x000000002782f000 	/usr/lib/libcmph.dylib
0x000000002782f000 	/System/Library/PrivateFrameworks/CoreEmoji.framework/Versions/A/CoreEmoji
0x000000002782f000 	/System/Library/Frameworks/ServiceManagement.framework/Versions/A/ServiceManagement
0x000000002782f000 	/usr/lib/libxslt.1.dylib
0x000000002782f000 	/System/Library/Frameworks/Carbon.framework/Versions/A/Frameworks/Ink.framework/Versions/A/Ink
0x000000002782f000 	/System/Library/PrivateFrameworks/TextureIO.framework/Versions/A/TextureIO
0x000000002782f000 	/System/Library/Frameworks/Metal.framework/Versions/A/Metal
0x000000002782f000 	/usr/lib/libate.dylib
0x000000002782f000 	/System/Library/PrivateFrameworks/GPUCompiler.framework/libmetal_timestamp.dylib
0x000000002782f000 	/System/Library/Frameworks/OpenGL.framework/Versions/A/Libraries/libCoreFSCache.dylib
0x000000002782f000 	/System/Library/PrivateFrameworks/IOAccelerator.framework/Versions/A/IOAccelerator
0x000000002782f000 	/System/Library/Frameworks/CoreVideo.framework/Versions/A/CoreVideo
0x000000002782f000 	/usr/lib/libFosl_dynamic.dylib
0x000000002782f000 	/System/Library/PrivateFrameworks/MetalPerformanceShaders.framework/Versions/A/MetalPerformanceShaders
0x000000002782f000 	/System/Library/PrivateFrameworks/FaceCore.framework/Versions/A/FaceCore
0x000000002782f000 	/System/Library/Frameworks/OpenCL.framework/Versions/A/OpenCL
0x000000002782f000 	/System/Library/Frameworks/OpenGL.framework/Versions/A/Libraries/libGLU.dylib
0x000000002782f000 	/System/Library/Frameworks/OpenGL.framework/Versions/A/Libraries/libGFXShared.dylib
0x000000002782f000 	/System/Library/Frameworks/OpenGL.framework/Versions/A/Libraries/libGL.dylib
0x000000002782f000 	/System/Library/Frameworks/OpenGL.framework/Versions/A/Libraries/libGLImage.dylib
0x000000002782f000 	/System/Library/Frameworks/OpenGL.framework/Versions/A/Libraries/libCVMSPluginSupport.dylib
0x000000002782f000 	/System/Library/Frameworks/OpenGL.framework/Versions/A/Libraries/libCoreVMClient.dylib
0x000000002782f000 	/System/Library/PrivateFrameworks/CrashReporterSupport.framework/Versions/A/CrashReporterSupport
0x000000002782f000 	/System/Library/PrivateFrameworks/Sharing.framework/Versions/A/Sharing
0x000000002782f000 	/System/Library/PrivateFrameworks/IconServices.framework/Versions/A/IconServices
0x000000002782f000 	/System/Library/PrivateFrameworks/ProtocolBuffer.framework/Versions/A/ProtocolBuffer
0x000000002782f000 	/System/Library/PrivateFrameworks/Apple80211.framework/Versions/A/Apple80211
0x000000002782f000 	/System/Library/Frameworks/CoreWLAN.framework/Versions/A/CoreWLAN
0x000000002782f000 	/System/Library/PrivateFrameworks/CoreUtils.framework/Versions/A/CoreUtils
0x000000002782f000 	/System/Library/Frameworks/IOBluetooth.framework/Versions/A/IOBluetooth
0x000000002782f000 	/System/Library/PrivateFrameworks/CoreWiFi.framework/Versions/A/CoreWiFi
0x000000002782f000 	/System/Library/Frameworks/CoreBluetooth.framework/Versions/A/CoreBluetooth
0x000000002782f000 	/System/Library/Frameworks/CoreDisplay.framework/Versions/A/CoreDisplay
0x000000002782f000 	/System/Library/PrivateFrameworks/IOPresentment.framework/Versions/A/IOPresentment
0x000000002782f000 	/System/Library/PrivateFrameworks/DSExternalDisplay.framework/Versions/A/DSExternalDisplay
0x000000002782f000 	/System/Library/PrivateFrameworks/DebugSymbols.framework/Versions/A/DebugSymbols
0x000000002782f000 	/System/Library/PrivateFrameworks/CoreSymbolication.framework/Versions/A/CoreSymbolication
0x000000002782f000 	/System/Library/PrivateFrameworks/Symbolication.framework/Versions/A/Symbolication
0x000000002782f000 	/System/Library/PrivateFrameworks/AppleFSCompression.framework/Versions/A/AppleFSCompression
0x000000002782f000 	/System/Library/PrivateFrameworks/SpeechRecognitionCore.framework/Versions/A/SpeechRecognitionCore
0x000000002782f000 	/System/Library/PrivateFrameworks/ChunkingLibrary.framework/Versions/A/ChunkingLibrary
0x0000000051701000 	/System/Library/CoreServices/Encodings/libCyrillicConverter.dylib
0x000000010ba37000 	/Library/Java/JavaVirtualMachines/jdk1.8.0_162.jdk/Contents/Home/jre/lib/server/libjvm.dylib
0x000000002782f000 	/usr/lib/libstdc++.6.dylib
0x000000010c9e5000 	/Library/Java/JavaVirtualMachines/jdk1.8.0_162.jdk/Contents/Home/jre/lib/libverify.dylib
0x000000010da00000 	/Library/Java/JavaVirtualMachines/jdk1.8.0_162.jdk/Contents/Home/jre/lib/libjava.dylib
0x000000010da36000 	/Library/Java/JavaVirtualMachines/jdk1.8.0_162.jdk/Contents/Home/jre/lib/libzip.dylib
0x0000000115e25000 	/Library/Java/JavaVirtualMachines/jdk1.8.0_162.jdk/Contents/Home/jre/lib/libnet.dylib
0x0000000115e3c000 	/Library/Java/JavaVirtualMachines/jdk1.8.0_162.jdk/Contents/Home/jre/lib/libnio.dylib
0x0000000115e4c000 	/Users/alexey/.gradle/native/25/osx-amd64/libnative-platform.dylib
0x00000001162cc000 	/Library/Java/JavaVirtualMachines/jdk1.8.0_162.jdk/Contents/Home/jre/lib/libmanagement.dylib
0x0000000116c3a000 	/Library/Java/JavaVirtualMachines/jdk1.8.0_162.jdk/Contents/Home/jre/lib/libsunec.dylib
0x000000012eb85000 	/private/var/folders/jl/gjbfybr56wd9k5c1qqvxby640000gp/T/room-6bed2a6c-c6a1-453c-8632-b31012a71e56/sqlite-3.20.1-e09763b1-0ee0-4ef8-a8da-6069df4c609f-libsqlitejdbc.jnilib
0x000000012cb63000 	/private/var/folders/jl/gjbfybr56wd9k5c1qqvxby640000gp/T/room-819acdcd-88d8-441e-b720-e38c5b52ebf1/sqlite-3.20.1-1aaa4aae-7993-4933-b847-6dfbcedcee4d-libsqlitejdbc.jnilib

VM Arguments:
jvm_args: -Xmx1536m -Dfile.encoding=UTF-8 -Duser.country=RU -Duser.language=ru -Duser.variant 
java_command: org.gradle.launcher.daemon.bootstrap.GradleDaemon 4.6
java_class_path (initial): /Users/alexey/.gradle/wrapper/dists/gradle-4.6-all/bcst21l2brirad8k2ben1letg/gradle-4.6/lib/gradle-launcher-4.6.jar
Launcher Type: SUN_STANDARD

Environment Variables:
PATH=/Library/Java/JavaVirtualMachines/jdk1.8.0_162.jdk/Contents/Home/bin:/usr/local/bin:/usr/bin:/bin:/usr/sbin:/sbin
SHELL=/bin/bash

Signal Handlers:
SIGSEGV: [libjvm.dylib+0x5b52b5], sa_mask[0]=11111111011111110111111111111111, sa_flags=SA_ONSTACK|SA_RESTART|SA_SIGINFO
SIGBUS: [libjvm.dylib+0x5b52b5], sa_mask[0]=11111111011111110111111111111111, sa_flags=SA_RESTART|SA_SIGINFO
SIGFPE: [libjvm.dylib+0x48ac5c], sa_mask[0]=11111111011111110111111111111111, sa_flags=SA_RESTART|SA_SIGINFO
SIGPIPE: [libjvm.dylib+0x48ac5c], sa_mask[0]=11111111011111110111111111111111, sa_flags=SA_RESTART|SA_SIGINFO
SIGXFSZ: [libjvm.dylib+0x48ac5c], sa_mask[0]=11111111011111110111111111111111, sa_flags=SA_RESTART|SA_SIGINFO
SIGILL: [libjvm.dylib+0x48ac5c], sa_mask[0]=11111111011111110111111111111111, sa_flags=SA_RESTART|SA_SIGINFO
SIGUSR1: SIG_DFL, sa_mask[0]=00000000000000000000000000000000, sa_flags=none
SIGUSR2: [libjvm.dylib+0x48a77a], sa_mask[0]=00100000000000000000000000000000, sa_flags=SA_RESTART|SA_SIGINFO
SIGHUP: [libjvm.dylib+0x488d45], sa_mask[0]=11111111011111110111111111111111, sa_flags=SA_RESTART|SA_SIGINFO
SIGINT: [libjvm.dylib+0x488d45], sa_mask[0]=11111111011111110111111111111111, sa_flags=SA_RESTART|SA_SIGINFO
SIGTERM: [libjvm.dylib+0x488d45], sa_mask[0]=11111111011111110111111111111111, sa_flags=SA_RESTART|SA_SIGINFO
SIGQUIT: [libjvm.dylib+0x488d45], sa_mask[0]=11111111011111110111111111111111, sa_flags=SA_RESTART|SA_SIGINFO


---------------  S Y S T E M  ---------------

OS:Bsduname:Darwin 16.7.0 Darwin Kernel Version 16.7.0: Mon Nov 13 21:56:25 PST 2017; root:xnu-3789.72.11~1/RELEASE_X86_64 x86_64
rlimit: STACK 8192k, CORE 0k, NPROC 709, NOFILE 10240, AS infinity
load average:4.28 2.88 2.49

CPU:total 8 (initial active 8) (4 cores per cpu, 2 threads per core) family 6 model 60 stepping 3, cmov, cx8, fxsr, mmx, sse, sse2, sse3, ssse3, sse4.1, sse4.2, popcnt, avx, avx2, aes, clmul, erms, rtm, lzcnt, ht, tsc, tscinvbit, bmi1, bmi2

Memory: 4k page, physical 8388608k(26996k free)

/proc/meminfo:


vm_info: Java HotSpot(TM) 64-Bit Server VM (25.162-b12) for bsd-amd64 JRE (1.8.0_162-b12), built on Dec 19 2017 17:33:35 by "java_re" with gcc 4.2.1 (Based on Apple Inc. build 5658) (LLVM build 2336.11.00)

time: Wed Dec  5 10:12:59 2018
elapsed time: 14474 seconds (0d 4h 1m 14s)

